Installing dependencies...
Requirement already satisfied: Flask in ./venv/lib/python3.12/site-packages (from -r requirements.txt (line 1)) (3.1.2)
Requirement already satisfied: requests in ./venv/lib/python3.12/site-packages (from -r requirements.txt (line 2)) (2.32.5)
Requirement already satisfied: beautifulsoup4 in ./venv/lib/python3.12/site-packages (from -r requirements.txt (line 3)) (4.14.3)
Requirement already satisfied: fake-useragent in ./venv/lib/python3.12/site-packages (from -r requirements.txt (line 4)) (2.2.0)
Requirement already satisfied: gunicorn in ./venv/lib/python3.12/site-packages (from -r requirements.txt (line 5)) (25.0.0)
Requirement already satisfied: blinker>=1.9.0 in ./venv/lib/python3.12/site-packages (from Flask->-r requirements.txt (line 1)) (1.9.0)
Requirement already satisfied: click>=8.1.3 in ./venv/lib/python3.12/site-packages (from Flask->-r requirements.txt (line 1)) (8.3.1)
Requirement already satisfied: itsdangerous>=2.2.0 in ./venv/lib/python3.12/site-packages (from Flask->-r requirements.txt (line 1)) (2.2.0)
Requirement already satisfied: jinja2>=3.1.2 in ./venv/lib/python3.12/site-packages (from Flask->-r requirements.txt (line 1)) (3.1.6)
Requirement already satisfied: markupsafe>=2.1.1 in ./venv/lib/python3.12/site-packages (from Flask->-r requirements.txt (line 1)) (3.0.3)
Requirement already satisfied: werkzeug>=3.1.0 in ./venv/lib/python3.12/site-packages (from Flask->-r requirements.txt (line 1)) (3.1.5)
Requirement already satisfied: charset_normalizer<4,>=2 in ./venv/lib/python3.12/site-packages (from requests->-r requirements.txt (line 2)) (3.4.4)
Requirement already satisfied: idna<4,>=2.5 in ./venv/lib/python3.12/site-packages (from requests->-r requirements.txt (line 2)) (3.11)
Requirement already satisfied: urllib3<3,>=1.21.1 in ./venv/lib/python3.12/site-packages (from requests->-r requirements.txt (line 2)) (2.6.3)
Requirement already satisfied: certifi>=2017.4.17 in ./venv/lib/python3.12/site-packages (from requests->-r requirements.txt (line 2)) (2026.1.4)
Requirement already satisfied: soupsieve>=1.6.1 in ./venv/lib/python3.12/site-packages (from beautifulsoup4->-r requirements.txt (line 3)) (2.8.3)
Requirement already satisfied: typing-extensions>=4.0.0 in ./venv/lib/python3.12/site-packages (from beautifulsoup4->-r requirements.txt (line 3)) (4.15.0)
Requirement already satisfied: packaging in ./venv/lib/python3.12/site-packages (from gunicorn->-r requirements.txt (line 5)) (26.0)
Starting application...
 * Serving Flask app 'run'
 * Debug mode: on
[31m[1mWARNING: This is a development server. Do not use it in a production deployment. Use a production WSGI server instead.[0m
 * Running on http://127.0.0.1:5000
[33mPress CTRL+C to quit[0m
 * Restarting with stat
 * Debugger is active!
 * Debugger PIN: 144-820-902
